2024-10-01T14:14:27.431Z [info]: Server is running on port 5000
2024-10-01T14:15:53.191Z [info]: A user connected: gHo-CNPr2cZSdb6DAAAB
2024-10-01T14:15:56.399Z [info]: User disconnected: gHo-CNPr2cZSdb6DAAAB
2024-10-01T14:15:56.514Z [info]: A user connected: 3FkT2-ogu_pCAMTTAAAD
2024-10-01T14:16:04.296Z [info]: Ayan hackers joined room 12
2024-10-01T14:16:08.270Z [info]: Ayan hackers joined room 12
2024-10-01T14:16:14.571Z [info]: A user connected: drlgvxphWQWpDdfNAAAF
2024-10-01T14:16:22.336Z [info]: Ayan hackers joined room 12
2024-10-01T14:16:22.354Z [info]: Offer received from Ayan hackers in room 12
2024-10-01T14:16:22.356Z [info]: Offer received from Ayan hackers in room 12
2024-10-01T14:16:22.359Z [info]: ICE candidate received from Ayan hackers in room 12
2024-10-01T14:16:22.361Z [info]: ICE candidate received from Ayan hackers in room 12
2024-10-01T14:16:22.362Z [info]: ICE candidate received from Ayan hackers in room 12
2024-10-01T14:16:22.363Z [info]: ICE candidate received from Ayan hackers in room 12
2024-10-01T14:16:22.364Z [info]: ICE candidate received from Ayan hackers in room 12
2024-10-01T14:16:22.365Z [info]: ICE candidate received from Ayan hackers in room 12
2024-10-01T14:16:22.368Z [info]: ICE candidate received from Ayan hackers in room 12
2024-10-01T14:16:22.369Z [info]: ICE candidate received from Ayan hackers in room 12
2024-10-01T14:16:22.370Z [info]: ICE candidate received from Ayan hackers in room 12
2024-10-01T14:16:22.370Z [info]: ICE candidate received from Ayan hackers in room 12
2024-10-01T14:16:22.371Z [info]: ICE candidate received from Ayan hackers in room 12
2024-10-01T14:16:22.372Z [info]: ICE candidate received from Ayan hackers in room 12
2024-10-01T14:16:22.372Z [info]: ICE candidate received from Ayan hackers in room 12
2024-10-01T14:16:22.373Z [info]: ICE candidate received from Ayan hackers in room 12
2024-10-01T14:16:22.374Z [info]: ICE candidate received from Ayan hackers in room 12
2024-10-01T14:16:22.375Z [info]: ICE candidate received from Ayan hackers in room 12
2024-10-01T14:16:22.431Z [info]: Answer received from Ayan hackers in room 12
2024-10-01T14:16:22.447Z [info]: ICE candidate received from Ayan hackers in room 12
2024-10-01T14:16:22.450Z [info]: ICE candidate received from Ayan hackers in room 12
2024-10-01T14:16:22.452Z [info]: ICE candidate received from Ayan hackers in room 12
2024-10-01T14:16:22.455Z [info]: ICE candidate received from Ayan hackers in room 12
2024-10-01T14:16:31.894Z [info]: Message from Ayan hackers in room 12: Ayan hackers: hello sir
2024-10-01T14:16:39.062Z [info]: Message from Ayan hackers in room 12: Ayan hackers: Hello sir Hi from one side
2024-10-01T14:16:39.064Z [info]: Message from Ayan hackers in room 12: Ayan hackers: Hello sir Hi from one side
2024-10-01T14:16:44.285Z [info]: User disconnected: drlgvxphWQWpDdfNAAAF
2024-10-01T14:16:46.866Z [info]: User disconnected: 3FkT2-ogu_pCAMTTAAAD
2024-10-01T14:16:47.078Z [info]: A user connected: BYv82tXkwKU9mHaGAAAH
2024-10-01T14:16:52.054Z [info]: A user connected: 15snyzZYp6voh-Y4AAAJ
2024-10-01T14:16:57.710Z [info]: Ayan hackers joined room 1
2024-10-01T14:17:08.583Z [info]: arman joined room 1
2024-10-01T14:17:08.594Z [info]: Offer received from Ayan hackers in room 1
2024-10-01T14:17:08.597Z [info]: ICE candidate received from Ayan hackers in room 1
2024-10-01T14:17:08.598Z [info]: ICE candidate received from Ayan hackers in room 1
2024-10-01T14:17:08.599Z [info]: ICE candidate received from Ayan hackers in room 1
2024-10-01T14:17:08.600Z [info]: ICE candidate received from Ayan hackers in room 1
2024-10-01T14:17:08.602Z [info]: ICE candidate received from Ayan hackers in room 1
2024-10-01T14:17:08.603Z [info]: ICE candidate received from Ayan hackers in room 1
2024-10-01T14:17:08.604Z [info]: ICE candidate received from Ayan hackers in room 1
2024-10-01T14:17:08.606Z [info]: ICE candidate received from Ayan hackers in room 1
2024-10-01T14:17:08.648Z [info]: ICE candidate received from Ayan hackers in room 1
2024-10-01T14:17:08.657Z [info]: ICE candidate received from Ayan hackers in room 1
2024-10-01T14:17:08.660Z [info]: Answer received from arman in room 1
2024-10-01T14:17:08.667Z [info]: ICE candidate received from arman in room 1
2024-10-01T14:17:08.671Z [info]: ICE candidate received from arman in room 1
2024-10-01T14:17:08.672Z [info]: ICE candidate received from arman in room 1
2024-10-01T14:17:08.674Z [info]: ICE candidate received from arman in room 1
2024-10-01T14:17:14.950Z [info]: arman joined room 1
2024-10-01T14:17:14.960Z [info]: Offer received from Ayan hackers in room 1
2024-10-01T14:17:15.012Z [info]: Answer received from arman in room 1
2024-10-01T14:17:15.013Z [info]: Answer received from arman in room 1
2024-10-01T14:17:15.018Z [info]: ICE candidate received from arman in room 1
2024-10-01T14:17:15.019Z [info]: ICE candidate received from arman in room 1
2024-10-01T14:17:15.020Z [info]: ICE candidate received from arman in room 1
2024-10-01T14:17:15.021Z [info]: ICE candidate received from arman in room 1
2024-10-01T14:17:15.022Z [info]: ICE candidate received from arman in room 1
2024-10-01T14:17:15.023Z [info]: ICE candidate received from arman in room 1
2024-10-01T14:17:15.024Z [info]: ICE candidate received from arman in room 1
2024-10-01T14:17:15.024Z [info]: ICE candidate received from arman in room 1
2024-10-01T14:17:15.678Z [info]: arman joined room 1
2024-10-01T14:17:15.688Z [info]: Offer received from Ayan hackers in room 1
2024-10-01T14:17:15.722Z [info]: Answer received from arman in room 1
2024-10-01T14:17:15.723Z [info]: Answer received from arman in room 1
2024-10-01T14:17:15.725Z [info]: Answer received from arman in room 1
2024-10-01T14:17:15.728Z [info]: ICE candidate received from arman in room 1
2024-10-01T14:17:15.729Z [info]: ICE candidate received from arman in room 1
2024-10-01T14:17:15.729Z [info]: ICE candidate received from arman in room 1
2024-10-01T14:17:15.734Z [info]: ICE candidate received from arman in room 1
2024-10-01T14:17:15.735Z [info]: ICE candidate received from arman in room 1
2024-10-01T14:17:15.736Z [info]: ICE candidate received from arman in room 1
2024-10-01T14:17:15.737Z [info]: ICE candidate received from arman in room 1
2024-10-01T14:17:15.738Z [info]: ICE candidate received from arman in room 1
2024-10-01T14:17:15.738Z [info]: ICE candidate received from arman in room 1
2024-10-01T14:17:15.742Z [info]: ICE candidate received from arman in room 1
2024-10-01T14:17:15.743Z [info]: ICE candidate received from arman in room 1
2024-10-01T14:17:15.743Z [info]: ICE candidate received from arman in room 1
2024-10-01T14:17:21.495Z [info]: Ayan hackers joined room 12
2024-10-01T14:17:21.777Z [info]: Ayan hackers joined room 12
2024-10-01T14:17:24.646Z [info]: arman joined room 12
2024-10-01T14:17:24.656Z [info]: Offer received from Ayan hackers in room 1
2024-10-01T14:17:24.658Z [info]: Offer received from Ayan hackers in room 12
2024-10-01T14:17:24.658Z [info]: Offer received from Ayan hackers in room 12
2024-10-01T14:17:24.660Z [info]: ICE candidate received from Ayan hackers in room 1
2024-10-01T14:17:24.660Z [info]: ICE candidate received from Ayan hackers in room 12
2024-10-01T14:17:24.661Z [info]: ICE candidate received from Ayan hackers in room 12
2024-10-01T14:17:24.662Z [info]: ICE candidate received from Ayan hackers in room 1
2024-10-01T14:17:24.662Z [info]: ICE candidate received from Ayan hackers in room 12
2024-10-01T14:17:24.663Z [info]: ICE candidate received from Ayan hackers in room 12
2024-10-01T14:17:24.666Z [info]: ICE candidate received from Ayan hackers in room 1
2024-10-01T14:17:24.667Z [info]: ICE candidate received from Ayan hackers in room 12
2024-10-01T14:17:24.668Z [info]: ICE candidate received from Ayan hackers in room 12
2024-10-01T14:17:24.669Z [info]: ICE candidate received from Ayan hackers in room 1
2024-10-01T14:17:24.670Z [info]: ICE candidate received from Ayan hackers in room 12
2024-10-01T14:17:24.670Z [info]: ICE candidate received from Ayan hackers in room 12
2024-10-01T14:17:24.671Z [info]: ICE candidate received from Ayan hackers in room 1
2024-10-01T14:17:24.672Z [info]: ICE candidate received from Ayan hackers in room 12
2024-10-01T14:17:24.672Z [info]: ICE candidate received from Ayan hackers in room 12
2024-10-01T14:17:24.674Z [info]: ICE candidate received from Ayan hackers in room 1
2024-10-01T14:17:24.674Z [info]: ICE candidate received from Ayan hackers in room 12
2024-10-01T14:17:24.675Z [info]: ICE candidate received from Ayan hackers in room 12
2024-10-01T14:17:24.676Z [info]: ICE candidate received from Ayan hackers in room 1
2024-10-01T14:17:24.676Z [info]: ICE candidate received from Ayan hackers in room 12
2024-10-01T14:17:24.677Z [info]: ICE candidate received from Ayan hackers in room 12
2024-10-01T14:17:24.677Z [info]: ICE candidate received from Ayan hackers in room 1
2024-10-01T14:17:24.678Z [info]: ICE candidate received from Ayan hackers in room 12
2024-10-01T14:17:24.678Z [info]: ICE candidate received from Ayan hackers in room 12
2024-10-01T14:17:24.710Z [info]: ICE candidate received from Ayan hackers in room 1
2024-10-01T14:17:24.711Z [info]: ICE candidate received from Ayan hackers in room 12
2024-10-01T14:17:24.712Z [info]: ICE candidate received from Ayan hackers in room 12
2024-10-01T14:17:24.724Z [info]: ICE candidate received from Ayan hackers in room 1
2024-10-01T14:17:24.725Z [info]: ICE candidate received from Ayan hackers in room 12
2024-10-01T14:17:24.725Z [info]: ICE candidate received from Ayan hackers in room 12
2024-10-01T14:17:24.740Z [info]: Answer received from arman in room 1
2024-10-01T14:17:24.740Z [info]: Answer received from arman in room 1
2024-10-01T14:17:24.741Z [info]: Answer received from arman in room 1
2024-10-01T14:17:24.742Z [info]: Answer received from arman in room 12
2024-10-01T14:17:24.752Z [info]: ICE candidate received from arman in room 1
2024-10-01T14:17:24.753Z [info]: ICE candidate received from arman in room 1
2024-10-01T14:17:24.754Z [info]: ICE candidate received from arman in room 1
2024-10-01T14:17:24.754Z [info]: ICE candidate received from arman in room 12
2024-10-01T14:17:24.755Z [info]: ICE candidate received from arman in room 1
2024-10-01T14:17:24.756Z [info]: ICE candidate received from arman in room 1
2024-10-01T14:17:24.757Z [info]: ICE candidate received from arman in room 1
2024-10-01T14:17:24.757Z [info]: ICE candidate received from arman in room 12
2024-10-01T14:17:24.759Z [info]: ICE candidate received from arman in room 1
2024-10-01T14:17:24.759Z [info]: ICE candidate received from arman in room 1
2024-10-01T14:17:24.760Z [info]: ICE candidate received from arman in room 1
2024-10-01T14:17:24.760Z [info]: ICE candidate received from arman in room 12
2024-10-01T14:17:24.761Z [info]: ICE candidate received from arman in room 1
2024-10-01T14:17:24.762Z [info]: ICE candidate received from arman in room 1
2024-10-01T14:17:24.762Z [info]: ICE candidate received from arman in room 1
2024-10-01T14:17:24.763Z [info]: ICE candidate received from arman in room 12
2024-10-01T14:18:02.704Z [info]: arman joined room 12
2024-10-01T14:18:02.715Z [info]: Offer received from Ayan hackers in room 1
2024-10-01T14:18:02.716Z [info]: Offer received from Ayan hackers in room 12
2024-10-01T14:18:02.717Z [info]: Offer received from Ayan hackers in room 12
2024-10-01T14:18:02.779Z [info]: Answer received from arman in room 1
2024-10-01T14:18:02.780Z [info]: Answer received from arman in room 1
2024-10-01T14:18:02.781Z [info]: Answer received from arman in room 1
2024-10-01T14:18:02.781Z [info]: Answer received from arman in room 12
2024-10-01T14:18:02.782Z [info]: Answer received from arman in room 12
2024-10-01T14:18:02.788Z [info]: ICE candidate received from arman in room 1
2024-10-01T14:18:02.789Z [info]: ICE candidate received from arman in room 1
2024-10-01T14:18:02.790Z [info]: ICE candidate received from arman in room 1
2024-10-01T14:18:02.791Z [info]: ICE candidate received from arman in room 12
2024-10-01T14:18:02.791Z [info]: ICE candidate received from arman in room 12
2024-10-01T14:18:02.793Z [info]: ICE candidate received from arman in room 1
2024-10-01T14:18:02.793Z [info]: ICE candidate received from arman in room 1
2024-10-01T14:18:02.794Z [info]: ICE candidate received from arman in room 1
2024-10-01T14:18:02.795Z [info]: ICE candidate received from arman in room 12
2024-10-01T14:18:02.795Z [info]: ICE candidate received from arman in room 12
2024-10-01T14:18:02.796Z [info]: ICE candidate received from arman in room 1
2024-10-01T14:18:02.796Z [info]: ICE candidate received from arman in room 1
2024-10-01T14:18:02.797Z [info]: ICE candidate received from arman in room 1
2024-10-01T14:18:02.797Z [info]: ICE candidate received from arman in room 12
2024-10-01T14:18:02.798Z [info]: ICE candidate received from arman in room 12
2024-10-01T14:18:02.799Z [info]: ICE candidate received from arman in room 1
2024-10-01T14:18:02.800Z [info]: ICE candidate received from arman in room 1
2024-10-01T14:18:02.800Z [info]: ICE candidate received from arman in room 1
2024-10-01T14:18:02.801Z [info]: ICE candidate received from arman in room 12
2024-10-01T14:18:02.801Z [info]: ICE candidate received from arman in room 12
2024-10-01T14:18:04.271Z [info]: arman joined room 12
2024-10-01T14:18:04.283Z [info]: Offer received from Ayan hackers in room 1
2024-10-01T14:18:04.283Z [info]: Offer received from Ayan hackers in room 12
2024-10-01T14:18:04.284Z [info]: Offer received from Ayan hackers in room 12
2024-10-01T14:18:04.327Z [info]: Answer received from arman in room 1
2024-10-01T14:18:04.329Z [info]: Answer received from arman in room 1
2024-10-01T14:18:04.329Z [info]: Answer received from arman in room 1
2024-10-01T14:18:04.330Z [info]: Answer received from arman in room 12
2024-10-01T14:18:04.330Z [info]: Answer received from arman in room 12
2024-10-01T14:18:04.331Z [info]: Answer received from arman in room 12
2024-10-01T14:18:04.333Z [info]: ICE candidate received from arman in room 1
2024-10-01T14:18:04.334Z [info]: ICE candidate received from arman in room 1
2024-10-01T14:18:04.334Z [info]: ICE candidate received from arman in room 1
2024-10-01T14:18:04.335Z [info]: ICE candidate received from arman in room 12
2024-10-01T14:18:04.335Z [info]: ICE candidate received from arman in room 12
2024-10-01T14:18:04.336Z [info]: ICE candidate received from arman in room 12
2024-10-01T14:18:04.337Z [info]: ICE candidate received from arman in room 1
2024-10-01T14:18:04.337Z [info]: ICE candidate received from arman in room 1
2024-10-01T14:18:04.338Z [info]: ICE candidate received from arman in room 1
2024-10-01T14:18:04.338Z [info]: ICE candidate received from arman in room 12
2024-10-01T14:18:04.339Z [info]: ICE candidate received from arman in room 12
2024-10-01T14:18:04.339Z [info]: ICE candidate received from arman in room 12
2024-10-01T14:18:04.341Z [info]: ICE candidate received from arman in room 1
2024-10-01T14:18:04.342Z [info]: ICE candidate received from arman in room 1
2024-10-01T14:18:04.343Z [info]: ICE candidate received from arman in room 1
2024-10-01T14:18:04.343Z [info]: ICE candidate received from arman in room 12
2024-10-01T14:18:04.344Z [info]: ICE candidate received from arman in room 12
2024-10-01T14:18:04.344Z [info]: ICE candidate received from arman in room 12
2024-10-01T14:18:04.345Z [info]: ICE candidate received from arman in room 1
2024-10-01T14:18:04.345Z [info]: ICE candidate received from arman in room 1
2024-10-01T14:18:04.346Z [info]: ICE candidate received from arman in room 1
2024-10-01T14:18:04.346Z [info]: ICE candidate received from arman in room 12
2024-10-01T14:18:04.346Z [info]: ICE candidate received from arman in room 12
2024-10-01T14:18:04.347Z [info]: ICE candidate received from arman in room 12
2024-10-01T14:18:06.788Z [info]: User disconnected: 15snyzZYp6voh-Y4AAAJ
2024-10-01T14:18:06.978Z [info]: A user connected: 5ffT2erMReTSCejIAAAL
2024-10-01T14:18:07.294Z [info]: User disconnected: BYv82tXkwKU9mHaGAAAH
2024-10-01T14:18:07.514Z [info]: A user connected: upgwOKYWb-pfWcu5AAAN
2024-10-01T14:18:12.855Z [info]: eqawe3 joined room 12
2024-10-01T14:18:14.462Z [info]: eqawe3 joined room 12
2024-10-01T14:18:20.214Z [info]: sadasdas joined room 12
2024-10-01T14:18:20.219Z [info]: Offer received from eqawe3 in room 12
2024-10-01T14:18:20.220Z [info]: Offer received from eqawe3 in room 12
2024-10-01T14:18:20.225Z [info]: Answer received from sadasdas in room 12
2024-10-01T14:18:22.864Z [info]: User disconnected: 5ffT2erMReTSCejIAAAL
2024-10-01T14:18:23.918Z [info]: User disconnected: upgwOKYWb-pfWcu5AAAN
2024-10-01T14:18:28.441Z [info]: A user connected: dX2--zHqSw083UXJAAAP
2024-10-01T14:18:34.005Z [info]: sadasdas joined room 12
2024-10-01T14:18:40.881Z [info]: A user connected: -jEqkb-M7xTTW-axAAAR
2024-10-01T14:18:45.687Z [info]: Ayan Hasnain joined room 12
2024-10-01T14:18:45.699Z [info]: Offer received from sadasdas in room 12
2024-10-01T14:18:45.704Z [info]: ICE candidate received from sadasdas in room 12
2024-10-01T14:18:45.705Z [info]: ICE candidate received from sadasdas in room 12
2024-10-01T14:18:45.706Z [info]: ICE candidate received from sadasdas in room 12
2024-10-01T14:18:45.707Z [info]: ICE candidate received from sadasdas in room 12
2024-10-01T14:18:45.708Z [info]: ICE candidate received from sadasdas in room 12
2024-10-01T14:18:45.710Z [info]: ICE candidate received from sadasdas in room 12
2024-10-01T14:18:45.711Z [info]: ICE candidate received from sadasdas in room 12
2024-10-01T14:18:45.712Z [info]: ICE candidate received from sadasdas in room 12
2024-10-01T14:18:45.754Z [info]: Answer received from Ayan Hasnain in room 12
2024-10-01T14:18:45.759Z [info]: ICE candidate received from Ayan Hasnain in room 12
2024-10-01T14:18:45.761Z [info]: ICE candidate received from Ayan Hasnain in room 12
2024-10-01T14:18:45.762Z [info]: ICE candidate received from Ayan Hasnain in room 12
2024-10-01T14:18:45.763Z [info]: ICE candidate received from Ayan Hasnain in room 12
2024-10-01T14:18:58.734Z [info]: Message from sadasdas in room 12: sadasdas: Hello sir 
2024-10-01T14:19:06.119Z [info]: Message from Ayan Hasnain in room 12: Ayan Hasnain: Me from aryan
2024-10-01T14:19:08.692Z [info]: User disconnected: -jEqkb-M7xTTW-axAAAR
2024-10-01T14:19:08.928Z [info]: A user connected: VusZGT5ztX7k7eYjAAAT
2024-10-01T14:19:09.339Z [info]: User disconnected: dX2--zHqSw083UXJAAAP
2024-10-01T14:19:09.576Z [info]: A user connected: ZDr3xP_cEGxhu-oYAAAV
2024-10-01T14:19:14.706Z [info]: User disconnected: VusZGT5ztX7k7eYjAAAT
2024-10-01T14:19:15.502Z [info]: User disconnected: ZDr3xP_cEGxhu-oYAAAV
2024-10-01T14:20:53.825Z [info]: A user connected: Fi5ZlmG3MX6D2cthAAAX
2024-10-01T14:21:01.694Z [info]: Ayan Hasnain joined room 123
2024-10-01T14:21:06.524Z [info]: A user connected: dVvsph1fqb_egp-NAAAZ
2024-10-01T14:21:14.126Z [info]: Ayan Hasnain joined room 123
2024-10-01T14:21:14.138Z [info]: Offer received from Ayan Hasnain in room 123
2024-10-01T14:21:14.141Z [info]: ICE candidate received from Ayan Hasnain in room 123
2024-10-01T14:21:14.142Z [info]: ICE candidate received from Ayan Hasnain in room 123
2024-10-01T14:21:14.148Z [info]: ICE candidate received from Ayan Hasnain in room 123
2024-10-01T14:21:14.151Z [info]: ICE candidate received from Ayan Hasnain in room 123
2024-10-01T14:21:14.155Z [info]: ICE candidate received from Ayan Hasnain in room 123
2024-10-01T14:21:14.157Z [info]: ICE candidate received from Ayan Hasnain in room 123
2024-10-01T14:21:14.160Z [info]: ICE candidate received from Ayan Hasnain in room 123
2024-10-01T14:21:14.162Z [info]: ICE candidate received from Ayan Hasnain in room 123
2024-10-01T14:21:14.215Z [info]: ICE candidate received from Ayan Hasnain in room 123
2024-10-01T14:21:14.230Z [info]: Answer received from Ayan Hasnain in room 123
2024-10-01T14:21:14.238Z [info]: ICE candidate received from Ayan Hasnain in room 123
2024-10-01T14:21:14.251Z [info]: ICE candidate received from Ayan Hasnain in room 123
2024-10-01T14:21:14.253Z [info]: ICE candidate received from Ayan Hasnain in room 123
2024-10-01T14:21:14.254Z [info]: ICE candidate received from Ayan Hasnain in room 123
2024-10-01T14:21:19.182Z [info]: Message from Ayan Hasnain in room 123: Ayan Hasnain: Me from aryan
2024-10-01T14:21:24.927Z [info]: Message from Ayan Hasnain in room 123: Ayan Hasnain: Me from Aryan
2024-10-01T14:21:28.290Z [info]: User disconnected: dVvsph1fqb_egp-NAAAZ
2024-10-01T14:21:28.477Z [info]: A user connected: J0JCbOi7UBCCq-rTAAAb
2024-10-01T14:21:29.070Z [info]: User disconnected: Fi5ZlmG3MX6D2cthAAAX
2024-10-01T14:21:29.287Z [info]: A user connected: HvxA-axWFF3g76WKAAAd
2024-10-01T14:21:30.093Z [info]: User disconnected: HvxA-axWFF3g76WKAAAd
2024-10-01T14:21:30.552Z [info]: User disconnected: J0JCbOi7UBCCq-rTAAAb
2024-10-01T14:24:09.944Z [info]: A user connected: RWV3D4qXKR_Z02PxAAAf
2024-10-01T14:24:16.018Z [info]: Ayan Hasnain joined room 12
2024-10-01T14:24:24.801Z [info]: A user connected: 1rjFuMXMXaPbZ8JXAAAh
2024-10-01T14:24:26.752Z [info]: User disconnected: RWV3D4qXKR_Z02PxAAAf
2024-10-01T14:24:28.870Z [info]: A user connected: pH-92AABfs79zF3xAAAj
2024-10-01T14:24:30.068Z [info]: User disconnected: pH-92AABfs79zF3xAAAj
2024-10-01T14:24:30.179Z [info]: A user connected: 6ec5pAQdVbxIuGcMAAAl
2024-10-01T14:24:31.275Z [info]: User disconnected: 6ec5pAQdVbxIuGcMAAAl
2024-10-01T14:24:31.401Z [info]: A user connected: RySoLumvGrjHLWmdAAAn
2024-10-01T14:24:31.484Z [info]: User disconnected: RySoLumvGrjHLWmdAAAn
2024-10-01T14:24:31.579Z [info]: A user connected: 8BrRCpyHUaWieSJZAAAp
2024-10-01T14:24:31.804Z [info]: A user connected: 00-yOQN1DSkRsR82AAAr
2024-10-01T14:24:35.256Z [info]: Ayan Hasnain joined room 123
2024-10-01T14:24:39.185Z [info]: User disconnected: 00-yOQN1DSkRsR82AAAr
2024-10-01T14:24:39.353Z [info]: A user connected: BphxvJ_Dw0zjO0hIAAAt
2024-10-01T14:24:46.072Z [info]: Ayan hackers joined room 12
2024-10-01T14:24:47.680Z [info]: Ayan Hasnain joined room 12
2024-10-01T14:24:47.691Z [info]: Offer received from Ayan hackers in room 12
2024-10-01T14:24:47.701Z [info]: ICE candidate received from Ayan hackers in room 12
2024-10-01T14:24:47.702Z [info]: ICE candidate received from Ayan hackers in room 12
2024-10-01T14:24:47.704Z [info]: ICE candidate received from Ayan hackers in room 12
2024-10-01T14:24:47.706Z [info]: ICE candidate received from Ayan hackers in room 12
2024-10-01T14:24:47.708Z [info]: ICE candidate received from Ayan hackers in room 12
2024-10-01T14:24:47.709Z [info]: ICE candidate received from Ayan hackers in room 12
2024-10-01T14:24:47.711Z [info]: ICE candidate received from Ayan hackers in room 12
2024-10-01T14:24:47.712Z [info]: ICE candidate received from Ayan hackers in room 12
2024-10-01T14:24:47.776Z [info]: Answer received from Ayan Hasnain in room 12
2024-10-01T14:24:47.786Z [info]: ICE candidate received from Ayan Hasnain in room 12
2024-10-01T14:24:47.792Z [info]: ICE candidate received from Ayan Hasnain in room 12
2024-10-01T14:24:47.798Z [info]: ICE candidate received from Ayan Hasnain in room 12
2024-10-01T14:24:47.802Z [info]: ICE candidate received from Ayan Hasnain in room 12
2024-10-01T14:24:54.289Z [info]: User disconnected: BphxvJ_Dw0zjO0hIAAAt
2024-10-01T14:24:54.374Z [info]: User disconnected: 1rjFuMXMXaPbZ8JXAAAh
2024-10-01T14:24:54.471Z [info]: A user connected: p3AfKENCDioRD6ZpAAAw
2024-10-01T14:24:54.496Z [info]: A user connected: 25-XuRqJ0M1Bn1HWAAAx
2024-10-01T14:24:56.453Z [info]: User disconnected: p3AfKENCDioRD6ZpAAAw
2024-10-01T14:24:56.562Z [info]: A user connected: MTSzBxy68KVDmeluAAAz
2024-10-01T14:24:56.766Z [info]: User disconnected: MTSzBxy68KVDmeluAAAz
2024-10-01T14:24:56.884Z [info]: A user connected: l8InNGHT61_Z-4JJAAA1
2024-10-01T14:24:57.122Z [info]: User disconnected: l8InNGHT61_Z-4JJAAA1
2024-10-01T14:24:57.250Z [info]: A user connected: xyirIYYI_4Qln9ktAAA3
2024-10-01T14:24:57.740Z [info]: User disconnected: 25-XuRqJ0M1Bn1HWAAAx
2024-10-01T14:24:57.890Z [info]: A user connected: B6vJA4cgc818HMqHAAA5
2024-10-01T14:24:58.168Z [info]: A user connected: KVpdFMoS5mU_V571AAA7
2024-10-01T14:24:58.249Z [info]: User disconnected: KVpdFMoS5mU_V571AAA7
2024-10-01T14:24:58.371Z [info]: A user connected: MMRTXinpD5Hwy9PBAAA9
2024-10-01T14:24:59.961Z [info]: User disconnected: MMRTXinpD5Hwy9PBAAA9
2024-10-01T14:25:00.928Z [info]: User disconnected: xyirIYYI_4Qln9ktAAA3
2024-10-01T14:25:03.250Z [info]: A user connected: ITkcN11PJl0Q-D02AAA_
2024-10-01T14:25:09.976Z [info]: Ayan Hasnain joined room 12
2024-10-01T14:25:13.313Z [info]: A user connected: OLbL_QrUjJDWdRi-AABB
2024-10-01T14:25:16.570Z [info]: User disconnected: 8BrRCpyHUaWieSJZAAAp
2024-10-01T14:25:17.919Z [info]: Anisha Khatun joined room 12
2024-10-01T14:25:17.932Z [info]: Offer received from Ayan Hasnain in room 12
2024-10-01T14:25:17.938Z [info]: ICE candidate received from Ayan Hasnain in room 12
2024-10-01T14:25:17.939Z [info]: ICE candidate received from Ayan Hasnain in room 12
2024-10-01T14:25:17.940Z [info]: ICE candidate received from Ayan Hasnain in room 12
2024-10-01T14:25:17.945Z [info]: ICE candidate received from Ayan Hasnain in room 12
2024-10-01T14:25:17.947Z [info]: ICE candidate received from Ayan Hasnain in room 12
2024-10-01T14:25:17.949Z [info]: ICE candidate received from Ayan Hasnain in room 12
2024-10-01T14:25:17.951Z [info]: ICE candidate received from Ayan Hasnain in room 12
2024-10-01T14:25:17.952Z [info]: ICE candidate received from Ayan Hasnain in room 12
2024-10-01T14:25:18.006Z [info]: Answer received from Anisha Khatun in room 12
2024-10-01T14:25:18.008Z [info]: ICE candidate received from Ayan Hasnain in room 12
2024-10-01T14:25:18.013Z [info]: ICE candidate received from Anisha Khatun in room 12
2024-10-01T14:25:18.017Z [info]: ICE candidate received from Anisha Khatun in room 12
2024-10-01T14:25:18.019Z [info]: ICE candidate received from Anisha Khatun in room 12
2024-10-01T14:25:18.020Z [info]: ICE candidate received from Anisha Khatun in room 12
2024-10-01T14:25:18.061Z [info]: ICE candidate received from Ayan Hasnain in room 12
2024-10-01T14:25:24.775Z [info]: Message from Anisha Khatun in room 12: Anisha Khatun: Hello sir
2024-10-01T14:25:25.939Z [info]: User disconnected: OLbL_QrUjJDWdRi-AABB
2024-10-01T14:25:26.167Z [info]: A user connected: iLJqFwpfY44lzfCsAABD
2024-10-01T14:25:26.620Z [info]: User disconnected: ITkcN11PJl0Q-D02AAA_
2024-10-01T14:25:26.794Z [info]: A user connected: FsSRhIMhyKttNAUPAABF
2024-10-01T14:25:27.946Z [info]: User disconnected: FsSRhIMhyKttNAUPAABF
2024-10-01T14:25:28.105Z [info]: A user connected: vaNNvx7MmJI9LkogAABH
2024-10-01T14:25:29.161Z [info]: User disconnected: vaNNvx7MmJI9LkogAABH
2024-10-01T14:25:29.654Z [info]: User disconnected: iLJqFwpfY44lzfCsAABD
2024-10-01T14:25:42.909Z [info]: User disconnected: B6vJA4cgc818HMqHAAA5
2024-10-01T14:28:52.039Z [info]: A user connected: gxKCEL63IjMWnn6WAABJ
2024-10-01T14:29:02.313Z [info]: ayan joined room 12
2024-10-01T14:29:28.740Z [info]: User disconnected: gxKCEL63IjMWnn6WAABJ
2024-10-01T14:29:28.837Z [info]: A user connected: 4Tsr9ItCaniE4k4HAABL
2024-10-01T14:29:32.446Z [info]: User disconnected: 4Tsr9ItCaniE4k4HAABL
2024-10-01T14:29:32.495Z [info]: A user connected: 7LDY8_Y4V7F6QrqAAABN
2024-10-01T14:29:59.909Z [info]: User disconnected: 7LDY8_Y4V7F6QrqAAABN
2024-10-01T14:31:05.937Z [info]: A user connected: 6KdVm8Ye3fX3Cxx4AABP
2024-10-01T14:31:11.225Z [info]: Anisha Khatun joined room 123
2024-10-01T14:31:15.048Z [info]: A user connected: awfG74B4dE6QLRCDAABR
2024-10-01T14:31:24.697Z [info]: ayan  joined room 123
2024-10-01T14:31:24.709Z [info]: Offer received from Anisha Khatun in room 123
2024-10-01T14:31:24.717Z [info]: ICE candidate received from Anisha Khatun in room 123
2024-10-01T14:31:24.723Z [info]: ICE candidate received from Anisha Khatun in room 123
2024-10-01T14:31:24.726Z [info]: ICE candidate received from Anisha Khatun in room 123
2024-10-01T14:31:24.727Z [info]: ICE candidate received from Anisha Khatun in room 123
2024-10-01T14:31:24.728Z [info]: ICE candidate received from Anisha Khatun in room 123
2024-10-01T14:31:24.729Z [info]: ICE candidate received from Anisha Khatun in room 123
2024-10-01T14:31:24.730Z [info]: ICE candidate received from Anisha Khatun in room 123
2024-10-01T14:31:24.735Z [info]: ICE candidate received from Anisha Khatun in room 123
2024-10-01T14:31:24.794Z [info]: Answer received from ayan  in room 123
2024-10-01T14:31:24.805Z [info]: ICE candidate received from ayan  in room 123
2024-10-01T14:31:24.808Z [info]: ICE candidate received from ayan  in room 123
2024-10-01T14:31:24.809Z [info]: ICE candidate received from ayan  in room 123
2024-10-01T14:31:24.819Z [info]: ICE candidate received from ayan  in room 123
2024-10-01T14:31:35.384Z [info]: Message from Anisha Khatun in room 123: Anisha Khatun: Hello sir
2024-10-01T14:31:42.032Z [info]: Message from ayan  in room 123: ayan : Hello mam
2024-10-01T14:31:43.403Z [info]: User disconnected: awfG74B4dE6QLRCDAABR
2024-10-01T14:31:43.626Z [info]: A user connected: QtNStHqYqIO9_ir6AABT
2024-10-01T14:31:44.232Z [info]: User disconnected: 6KdVm8Ye3fX3Cxx4AABP
2024-10-01T14:31:44.476Z [info]: A user connected: n7fSw_Pjl6IkufAuAABV
2024-10-01T14:31:46.246Z [info]: User disconnected: n7fSw_Pjl6IkufAuAABV
2024-10-01T14:31:46.598Z [info]: User disconnected: QtNStHqYqIO9_ir6AABT
2024-10-01T14:32:05.411Z [info]: A user connected: Em_GUjteGRUedYmwAABX
2024-10-01T14:32:21.466Z [info]: ayan  joined room 123
2024-10-01T14:32:33.075Z [info]: A user connected: z54BYp9dnT3At2xxAABZ
2024-10-01T14:32:44.874Z [info]: pragya joined room 123
2024-10-01T14:32:44.886Z [info]: Offer received from ayan  in room 123
2024-10-01T14:32:44.894Z [info]: ICE candidate received from ayan  in room 123
2024-10-01T14:32:44.895Z [info]: ICE candidate received from ayan  in room 123
2024-10-01T14:32:44.897Z [info]: ICE candidate received from ayan  in room 123
2024-10-01T14:32:44.901Z [info]: ICE candidate received from ayan  in room 123
2024-10-01T14:32:44.902Z [info]: ICE candidate received from ayan  in room 123
2024-10-01T14:32:44.904Z [info]: ICE candidate received from ayan  in room 123
2024-10-01T14:32:44.905Z [info]: ICE candidate received from ayan  in room 123
2024-10-01T14:32:44.909Z [info]: ICE candidate received from ayan  in room 123
2024-10-01T14:32:44.963Z [info]: Answer received from pragya in room 123
2024-10-01T14:32:44.975Z [info]: ICE candidate received from pragya in room 123
2024-10-01T14:32:44.979Z [info]: ICE candidate received from pragya in room 123
2024-10-01T14:32:44.983Z [info]: ICE candidate received from ayan  in room 123
2024-10-01T14:32:44.987Z [info]: ICE candidate received from ayan  in room 123
2024-10-01T14:32:44.992Z [info]: ICE candidate received from pragya in room 123
2024-10-01T14:32:44.998Z [info]: ICE candidate received from pragya in room 123
2024-10-01T14:33:17.405Z [info]: User disconnected: Em_GUjteGRUedYmwAABX
2024-10-01T14:33:17.886Z [info]: A user connected: qJNPAw5RiQprnmfuAABb
2024-10-01T14:33:20.515Z [info]: User disconnected: z54BYp9dnT3At2xxAABZ
2024-10-01T14:33:20.715Z [info]: A user connected: jM0khi-HorAAJQNJAABd
2024-10-01T14:33:21.841Z [info]: User disconnected: qJNPAw5RiQprnmfuAABb
2024-10-01T14:33:22.017Z [info]: A user connected: 3696VHQzXMqoW-0HAABf
2024-10-01T14:33:22.970Z [info]: User disconnected: 3696VHQzXMqoW-0HAABf
2024-10-01T14:33:23.434Z [info]: User disconnected: jM0khi-HorAAJQNJAABd
2024-10-01T14:34:32.807Z [info]: Server is running on port 5000
2024-10-01T14:35:40.073Z [info]: Server is running on port 5000
2024-10-01T14:37:21.431Z [info]: A user connected: 5nmU3HDZiq0BK877AAAB
2024-10-01T14:37:46.004Z [info]: Ayan Hasnain joined room 12
2024-10-01T14:38:00.062Z [info]: A user connected: SUG-Se0tYSAjRQc_AAAD
2024-10-01T14:38:07.971Z [info]: Ayan Hasnain joined room 12
2024-10-01T14:38:07.990Z [info]: Offer received from Ayan Hasnain in room 12
2024-10-01T14:38:08.014Z [info]: ICE candidate received from Ayan Hasnain in room 12
2024-10-01T14:38:08.015Z [info]: ICE candidate received from Ayan Hasnain in room 12
2024-10-01T14:38:08.016Z [info]: ICE candidate received from Ayan Hasnain in room 12
2024-10-01T14:38:08.018Z [info]: ICE candidate received from Ayan Hasnain in room 12
2024-10-01T14:38:08.019Z [info]: ICE candidate received from Ayan Hasnain in room 12
2024-10-01T14:38:08.020Z [info]: ICE candidate received from Ayan Hasnain in room 12
2024-10-01T14:38:08.021Z [info]: ICE candidate received from Ayan Hasnain in room 12
2024-10-01T14:38:08.022Z [info]: ICE candidate received from Ayan Hasnain in room 12
2024-10-01T14:38:08.064Z [info]: Answer received from Ayan Hasnain in room 12
2024-10-01T14:38:08.075Z [info]: ICE candidate received from Ayan Hasnain in room 12
2024-10-01T14:38:08.079Z [info]: ICE candidate received from Ayan Hasnain in room 12
2024-10-01T14:38:08.080Z [info]: ICE candidate received from Ayan Hasnain in room 12
2024-10-01T14:38:08.081Z [info]: ICE candidate received from Ayan Hasnain in room 12
2024-10-01T14:38:19.301Z [info]: User disconnected: 5nmU3HDZiq0BK877AAAB
2024-10-01T14:38:19.465Z [info]: A user connected: KM9fnG6Y-se7jGcSAAAF
2024-10-01T14:38:22.017Z [info]: User disconnected: SUG-Se0tYSAjRQc_AAAD
2024-10-01T14:38:22.199Z [info]: A user connected: DOv7Os8NbxfA01TwAAAH
2024-10-01T14:38:30.530Z [info]: Ayan Hasnain joined room 123
2024-10-01T14:38:39.074Z [info]: Ayan hackers joined room 123
2024-10-01T14:38:39.084Z [info]: Offer received from Ayan Hasnain in room 123
2024-10-01T14:38:39.090Z [info]: ICE candidate received from Ayan Hasnain in room 123
2024-10-01T14:38:39.091Z [info]: ICE candidate received from Ayan Hasnain in room 123
2024-10-01T14:38:39.094Z [info]: ICE candidate received from Ayan Hasnain in room 123
2024-10-01T14:38:39.097Z [info]: ICE candidate received from Ayan Hasnain in room 123
2024-10-01T14:38:39.098Z [info]: ICE candidate received from Ayan Hasnain in room 123
2024-10-01T14:38:39.100Z [info]: ICE candidate received from Ayan Hasnain in room 123
2024-10-01T14:38:39.101Z [info]: ICE candidate received from Ayan Hasnain in room 123
2024-10-01T14:38:39.104Z [info]: ICE candidate received from Ayan Hasnain in room 123
2024-10-01T14:38:39.142Z [info]: ICE candidate received from Ayan Hasnain in room 123
2024-10-01T14:38:39.152Z [info]: ICE candidate received from Ayan Hasnain in room 123
2024-10-01T14:38:39.174Z [info]: Answer received from Ayan hackers in room 123
2024-10-01T14:38:39.183Z [info]: ICE candidate received from Ayan hackers in room 123
2024-10-01T14:38:39.203Z [info]: ICE candidate received from Ayan hackers in room 123
2024-10-01T14:38:39.205Z [info]: ICE candidate received from Ayan hackers in room 123
2024-10-01T14:38:39.206Z [info]: ICE candidate received from Ayan hackers in room 123
2024-10-01T14:38:54.418Z [info]: Ayan hackers joined room 123
2024-10-01T14:38:54.435Z [info]: Offer received from Ayan Hasnain in room 123
2024-10-01T14:38:54.521Z [info]: Answer received from Ayan hackers in room 123
2024-10-01T14:38:54.523Z [info]: Answer received from Ayan hackers in room 123
2024-10-01T14:38:54.562Z [info]: ICE candidate received from Ayan hackers in room 123
2024-10-01T14:38:54.563Z [info]: ICE candidate received from Ayan hackers in room 123
2024-10-01T14:38:54.566Z [info]: ICE candidate received from Ayan hackers in room 123
2024-10-01T14:38:54.567Z [info]: ICE candidate received from Ayan hackers in room 123
2024-10-01T14:38:54.569Z [info]: ICE candidate received from Ayan hackers in room 123
2024-10-01T14:38:54.570Z [info]: ICE candidate received from Ayan hackers in room 123
2024-10-01T14:38:54.571Z [info]: ICE candidate received from Ayan hackers in room 123
2024-10-01T14:38:54.571Z [info]: ICE candidate received from Ayan hackers in room 123
2024-10-01T14:38:57.256Z [info]: User disconnected: DOv7Os8NbxfA01TwAAAH
2024-10-01T14:38:57.636Z [info]: A user connected: 2FMaGLpQSxxBFjKHAAAJ
2024-10-01T14:38:59.116Z [info]: User disconnected: KM9fnG6Y-se7jGcSAAAF
2024-10-01T14:38:59.461Z [info]: A user connected: zyq7Jh5KuKI0o7LZAAAL
2024-10-01T14:40:28.375Z [info]: User disconnected: zyq7Jh5KuKI0o7LZAAAL
2024-10-01T14:40:28.775Z [info]: User disconnected: 2FMaGLpQSxxBFjKHAAAJ
2024-10-01T14:40:39.243Z [info]: A user connected: _usDDZDNTyltbIMaAAAN
2024-10-01T14:40:46.330Z [info]: Ayan Hasnain joined room 123
2024-10-01T14:40:54.684Z [info]: A user connected: -MDv3IHPKtrfXGx1AAAP
2024-10-01T14:41:04.722Z [info]: Ayan Hasnain joined room 123
2024-10-01T14:41:04.737Z [info]: Offer received from Ayan Hasnain in room 123
2024-10-01T14:41:04.742Z [info]: ICE candidate received from Ayan Hasnain in room 123
2024-10-01T14:41:04.743Z [info]: ICE candidate received from Ayan Hasnain in room 123
2024-10-01T14:41:04.745Z [info]: ICE candidate received from Ayan Hasnain in room 123
2024-10-01T14:41:04.746Z [info]: ICE candidate received from Ayan Hasnain in room 123
2024-10-01T14:41:04.749Z [info]: ICE candidate received from Ayan Hasnain in room 123
2024-10-01T14:41:04.751Z [info]: ICE candidate received from Ayan Hasnain in room 123
2024-10-01T14:41:04.753Z [info]: ICE candidate received from Ayan Hasnain in room 123
2024-10-01T14:41:04.755Z [info]: ICE candidate received from Ayan Hasnain in room 123
2024-10-01T14:41:04.816Z [info]: Answer received from Ayan Hasnain in room 123
2024-10-01T14:41:04.825Z [info]: ICE candidate received from Ayan Hasnain in room 123
2024-10-01T14:41:04.828Z [info]: ICE candidate received from Ayan Hasnain in room 123
2024-10-01T14:41:04.834Z [info]: ICE candidate received from Ayan Hasnain in room 123
2024-10-01T14:41:04.839Z [info]: ICE candidate received from Ayan Hasnain in room 123
2024-10-01T14:41:31.544Z [info]: User disconnected: _usDDZDNTyltbIMaAAAN
2024-10-01T14:41:32.008Z [info]: A user connected: ws7KpyWUkvry91mKAAAR
2024-10-01T14:41:33.590Z [info]: User disconnected: -MDv3IHPKtrfXGx1AAAP
2024-10-01T14:41:33.815Z [info]: A user connected: Qr7tAX8tINCtflleAAAT
2024-10-01T14:41:34.963Z [info]: User disconnected: Qr7tAX8tINCtflleAAAT
2024-10-01T14:41:35.912Z [info]: User disconnected: ws7KpyWUkvry91mKAAAR
2024-10-01T14:42:57.105Z [info]: A user connected: k5z46788IZ0QcpYMAAAV
2024-10-01T14:43:04.404Z [info]: Ayan Hasnain joined room 3
2024-10-01T14:43:08.696Z [info]: A user connected: 4cV-dweF3Hqfp0MyAAAX
2024-10-01T14:43:19.683Z [info]: Ayan hackers joined room 3
2024-10-01T14:43:19.697Z [info]: Offer received from Ayan Hasnain in room 3
2024-10-01T14:43:19.711Z [info]: ICE candidate received from Ayan Hasnain in room 3
2024-10-01T14:43:19.712Z [info]: ICE candidate received from Ayan Hasnain in room 3
2024-10-01T14:43:19.720Z [info]: ICE candidate received from Ayan Hasnain in room 3
2024-10-01T14:43:19.722Z [info]: ICE candidate received from Ayan Hasnain in room 3
2024-10-01T14:43:19.726Z [info]: ICE candidate received from Ayan Hasnain in room 3
2024-10-01T14:43:19.728Z [info]: ICE candidate received from Ayan Hasnain in room 3
2024-10-01T14:43:19.730Z [info]: ICE candidate received from Ayan Hasnain in room 3
2024-10-01T14:43:19.732Z [info]: ICE candidate received from Ayan Hasnain in room 3
2024-10-01T14:43:19.782Z [info]: Answer received from Ayan hackers in room 3
2024-10-01T14:43:19.816Z [info]: ICE candidate received from Ayan hackers in room 3
2024-10-01T14:43:19.819Z [info]: ICE candidate received from Ayan hackers in room 3
2024-10-01T14:43:19.821Z [info]: ICE candidate received from Ayan hackers in room 3
2024-10-01T14:43:19.827Z [info]: ICE candidate received from Ayan hackers in room 3
2024-10-01T14:43:45.613Z [info]: User disconnected: k5z46788IZ0QcpYMAAAV
2024-10-01T14:43:46.119Z [info]: User disconnected: 4cV-dweF3Hqfp0MyAAAX
2024-10-01T14:47:28.237Z [info]: Server is running on port 5000
2024-10-01T14:53:21.731Z [info]: A user connected: vTVBMkzlm7zV9wTJAAAB
2024-10-01T14:53:36.831Z [info]: A user connected: B8I3ZZVoTxUNy6kZAAAD
2024-10-01T14:53:48.967Z [info]: arman joined room 1
2024-10-01T14:53:52.266Z [info]: ayan joined room 1
2024-10-01T14:53:52.291Z [info]: Offer received from arman in room 1
2024-10-01T14:53:52.294Z [info]: ICE candidate received from arman in room 1
2024-10-01T14:53:52.296Z [info]: ICE candidate received from arman in room 1
2024-10-01T14:53:52.303Z [info]: ICE candidate received from arman in room 1
2024-10-01T14:53:52.307Z [info]: ICE candidate received from arman in room 1
2024-10-01T14:53:52.309Z [info]: ICE candidate received from arman in room 1
2024-10-01T14:53:52.311Z [info]: ICE candidate received from arman in room 1
2024-10-01T14:53:52.313Z [info]: ICE candidate received from arman in room 1
2024-10-01T14:53:52.314Z [info]: ICE candidate received from arman in room 1
2024-10-01T14:53:52.378Z [info]: Answer received from ayan in room 1
2024-10-01T14:53:52.385Z [info]: ICE candidate received from ayan in room 1
2024-10-01T14:53:52.386Z [info]: ICE candidate received from ayan in room 1
2024-10-01T14:53:52.389Z [info]: ICE candidate received from ayan in room 1
2024-10-01T14:53:52.391Z [info]: ICE candidate received from ayan in room 1
2024-10-01T14:54:06.542Z [info]: User disconnected: B8I3ZZVoTxUNy6kZAAAD
2024-10-01T14:54:06.896Z [info]: A user connected: UowtNjYmmMlSHKdYAAAF
2024-10-01T14:54:07.232Z [info]: User disconnected: vTVBMkzlm7zV9wTJAAAB
2024-10-01T14:54:07.438Z [info]: A user connected: gZo1rLcUWsLVZmebAAAH
2024-10-01T14:55:48.256Z [info]: User disconnected: UowtNjYmmMlSHKdYAAAF
2024-10-01T14:55:52.400Z [info]: User disconnected: gZo1rLcUWsLVZmebAAAH
2024-10-01T14:55:52.427Z [info]: A user connected: Rm7d4R240lrfymxMAAAJ
2024-10-01T14:55:54.408Z [info]: User disconnected: Rm7d4R240lrfymxMAAAJ
2024-10-01T14:55:57.666Z [info]: A user connected: I4JK8tAkaRQk9xe3AAAL
2024-10-01T14:56:04.357Z [info]: Ayan Hasnain joined room 1
2024-10-01T14:56:10.281Z [info]: A user connected: 2yViH99O-10gEiLxAAAN
2024-10-01T14:56:15.325Z [info]: Ayan hackers joined room 1
2024-10-01T14:56:15.337Z [info]: Offer received from Ayan Hasnain in room 1
2024-10-01T14:56:15.342Z [info]: ICE candidate received from Ayan Hasnain in room 1
2024-10-01T14:56:15.346Z [info]: ICE candidate received from Ayan Hasnain in room 1
2024-10-01T14:56:15.350Z [info]: ICE candidate received from Ayan Hasnain in room 1
2024-10-01T14:56:15.353Z [info]: ICE candidate received from Ayan Hasnain in room 1
2024-10-01T14:56:15.357Z [info]: ICE candidate received from Ayan Hasnain in room 1
2024-10-01T14:56:15.358Z [info]: ICE candidate received from Ayan Hasnain in room 1
2024-10-01T14:56:15.362Z [info]: ICE candidate received from Ayan Hasnain in room 1
2024-10-01T14:56:15.363Z [info]: ICE candidate received from Ayan Hasnain in room 1
2024-10-01T14:56:15.399Z [info]: Answer received from Ayan hackers in room 1
2024-10-01T14:56:15.408Z [info]: ICE candidate received from Ayan hackers in room 1
2024-10-01T14:56:15.409Z [info]: ICE candidate received from Ayan hackers in room 1
2024-10-01T14:56:15.411Z [info]: ICE candidate received from Ayan hackers in room 1
2024-10-01T14:56:15.412Z [info]: ICE candidate received from Ayan hackers in room 1
2024-10-01T14:56:17.289Z [info]: User disconnected: I4JK8tAkaRQk9xe3AAAL
2024-10-01T14:56:17.479Z [info]: A user connected: CTVhQovDtIJ1dJx7AAAP
2024-10-01T14:56:21.653Z [info]: Ayan hackers joined room 1
2024-10-01T14:56:21.662Z [info]: Offer received from Ayan hackers in room 1
2024-10-01T14:56:21.696Z [info]: Answer received from Ayan hackers in room 1
2024-10-01T14:56:21.698Z [info]: ICE candidate received from Ayan hackers in room 1
2024-10-01T14:56:21.704Z [info]: ICE candidate received from Ayan hackers in room 1
2024-10-01T14:56:21.705Z [info]: ICE candidate received from Ayan hackers in room 1
2024-10-01T14:56:21.707Z [info]: ICE candidate received from Ayan hackers in room 1
2024-10-01T14:56:23.629Z [info]: User disconnected: 2yViH99O-10gEiLxAAAN
2024-10-01T14:56:23.806Z [info]: A user connected: e-b9mU11kb9VpDtbAAAR
2024-10-01T14:56:24.155Z [info]: User disconnected: e-b9mU11kb9VpDtbAAAR
2024-10-01T14:56:24.285Z [info]: A user connected: H2cEyvEkW0lR6G7NAAAT
2024-10-01T14:56:24.990Z [info]: User disconnected: CTVhQovDtIJ1dJx7AAAP
2024-10-01T14:56:25.140Z [info]: A user connected: NCn51DhPxVsB3TeTAAAV
2024-10-01T14:56:29.717Z [info]: Ayan hackers joined room 123
2024-10-01T14:56:34.933Z [info]: Ayan Hasnain joined room 123
2024-10-01T14:56:34.949Z [info]: Offer received from Ayan hackers in room 123
2024-10-01T14:56:34.958Z [info]: ICE candidate received from Ayan hackers in room 123
2024-10-01T14:56:34.960Z [info]: ICE candidate received from Ayan hackers in room 123
2024-10-01T14:56:34.961Z [info]: ICE candidate received from Ayan hackers in room 123
2024-10-01T14:56:34.962Z [info]: ICE candidate received from Ayan hackers in room 123
2024-10-01T14:56:34.964Z [info]: ICE candidate received from Ayan hackers in room 123
2024-10-01T14:56:34.966Z [info]: ICE candidate received from Ayan hackers in room 123
2024-10-01T14:56:34.967Z [info]: ICE candidate received from Ayan hackers in room 123
2024-10-01T14:56:34.969Z [info]: ICE candidate received from Ayan hackers in room 123
2024-10-01T14:56:34.993Z [info]: Answer received from Ayan Hasnain in room 123
2024-10-01T14:56:34.996Z [info]: ICE candidate received from Ayan Hasnain in room 123
2024-10-01T14:56:35.000Z [info]: ICE candidate received from Ayan Hasnain in room 123
2024-10-01T14:56:35.005Z [info]: ICE candidate received from Ayan Hasnain in room 123
2024-10-01T14:56:35.008Z [info]: ICE candidate received from Ayan Hasnain in room 123
2024-10-01T14:56:59.867Z [info]: User disconnected: H2cEyvEkW0lR6G7NAAAT
2024-10-01T14:56:59.996Z [info]: A user connected: J14KgPYnXgnzFrDHAAAX
2024-10-01T14:57:00.895Z [info]: User disconnected: NCn51DhPxVsB3TeTAAAV
2024-10-01T14:57:01.047Z [info]: A user connected: zW7Z3AruWe7y4ruQAAAZ
2024-10-01T14:57:10.191Z [info]: User disconnected: zW7Z3AruWe7y4ruQAAAZ
2024-10-01T14:57:10.344Z [info]: A user connected: 2j7LUo7A5jIVN__4AAAb
2024-10-01T14:57:10.768Z [info]: User disconnected: J14KgPYnXgnzFrDHAAAX
2024-10-01T14:57:10.916Z [info]: A user connected: Z2RBjY2nAcSgzGErAAAd
2024-10-01T14:57:26.137Z [info]: User disconnected: Z2RBjY2nAcSgzGErAAAd
2024-10-01T14:57:26.258Z [info]: A user connected: 74eHUlffLmjNXZlIAAAf
2024-10-01T14:57:26.856Z [info]: User disconnected: 74eHUlffLmjNXZlIAAAf
2024-10-01T14:57:27.012Z [info]: A user connected: V_FrRvjdZl2SsnssAAAh
2024-10-01T14:57:27.610Z [info]: User disconnected: V_FrRvjdZl2SsnssAAAh
2024-10-01T14:57:27.712Z [info]: A user connected: NA61enX0s-3spLtEAAAj
2024-10-01T14:57:32.026Z [info]: User disconnected: NA61enX0s-3spLtEAAAj
2024-10-01T14:57:33.450Z [info]: User disconnected: 2j7LUo7A5jIVN__4AAAb
2024-10-01T15:00:05.262Z [info]: A user connected: h8ATRPWEOmxKXfE0AAAl
2024-10-01T15:00:10.173Z [info]: Ayan Hasnain joined room 1
2024-10-01T15:00:15.015Z [info]: A user connected: 9o5ZnVp5mBt71qNUAAAn
2024-10-01T15:00:18.949Z [info]: Ayan hackers joined room 1
2024-10-01T15:00:18.959Z [info]: Offer received from Ayan Hasnain in room 1
2024-10-01T15:00:18.963Z [info]: ICE candidate received from Ayan Hasnain in room 1
2024-10-01T15:00:18.965Z [info]: ICE candidate received from Ayan Hasnain in room 1
2024-10-01T15:00:18.966Z [info]: ICE candidate received from Ayan Hasnain in room 1
2024-10-01T15:00:18.968Z [info]: ICE candidate received from Ayan Hasnain in room 1
2024-10-01T15:00:18.969Z [info]: ICE candidate received from Ayan Hasnain in room 1
2024-10-01T15:00:18.970Z [info]: ICE candidate received from Ayan Hasnain in room 1
2024-10-01T15:00:18.972Z [info]: ICE candidate received from Ayan Hasnain in room 1
2024-10-01T15:00:18.976Z [info]: ICE candidate received from Ayan Hasnain in room 1
2024-10-01T15:00:19.021Z [info]: ICE candidate received from Ayan Hasnain in room 1
2024-10-01T15:00:19.029Z [info]: ICE candidate received from Ayan Hasnain in room 1
2024-10-01T15:00:19.036Z [info]: Answer received from Ayan hackers in room 1
2024-10-01T15:00:19.046Z [info]: ICE candidate received from Ayan hackers in room 1
2024-10-01T15:00:19.047Z [info]: ICE candidate received from Ayan hackers in room 1
2024-10-01T15:00:19.048Z [info]: ICE candidate received from Ayan hackers in room 1
2024-10-01T15:00:19.056Z [info]: ICE candidate received from Ayan hackers in room 1
2024-10-01T15:00:27.290Z [info]: User disconnected: h8ATRPWEOmxKXfE0AAAl
2024-10-01T15:00:27.486Z [info]: A user connected: DDNfSOwomrkTRKkAAAAp
2024-10-01T15:00:28.040Z [info]: User disconnected: 9o5ZnVp5mBt71qNUAAAn
2024-10-01T15:00:28.210Z [info]: A user connected: N1MMP0T44Uqkai9-AAAr
2024-10-01T15:00:28.781Z [info]: User disconnected: N1MMP0T44Uqkai9-AAAr
2024-10-01T15:00:29.688Z [info]: User disconnected: DDNfSOwomrkTRKkAAAAp
2024-10-01T15:00:32.947Z [info]: A user connected: 9VBpaqKqZyviGE87AAAt
2024-10-01T15:00:35.156Z [info]: A user connected: uOVtBN3wcZAdWDnVAAAv
2024-10-01T15:00:50.215Z [info]: Ayan  joined room 1
2024-10-01T15:00:57.381Z [info]: Arman joined room 1
2024-10-01T15:00:57.391Z [info]: Offer received from Ayan  in room 1
2024-10-01T15:00:57.398Z [info]: ICE candidate received from Ayan  in room 1
2024-10-01T15:00:57.399Z [info]: ICE candidate received from Ayan  in room 1
2024-10-01T15:00:57.402Z [info]: ICE candidate received from Ayan  in room 1
2024-10-01T15:00:57.403Z [info]: ICE candidate received from Ayan  in room 1
2024-10-01T15:00:57.407Z [info]: ICE candidate received from Ayan  in room 1
2024-10-01T15:00:57.409Z [info]: ICE candidate received from Ayan  in room 1
2024-10-01T15:00:57.412Z [info]: ICE candidate received from Ayan  in room 1
2024-10-01T15:00:57.416Z [info]: ICE candidate received from Ayan  in room 1
2024-10-01T15:00:57.471Z [info]: Answer received from Arman in room 1
2024-10-01T15:00:57.482Z [info]: ICE candidate received from Arman in room 1
2024-10-01T15:00:57.498Z [info]: ICE candidate received from Arman in room 1
2024-10-01T15:00:57.499Z [info]: ICE candidate received from Arman in room 1
2024-10-01T15:00:57.500Z [info]: ICE candidate received from Arman in room 1
2024-10-01T15:01:15.761Z [info]: Message from Ayan  in room 1: Ayan : Hello my name is ayn hansian
2024-10-01T15:01:23.343Z [info]: Message from Arman in room 1: Arman: helo im arman
2024-10-01T15:01:58.093Z [info]: User disconnected: 9VBpaqKqZyviGE87AAAt
2024-10-01T15:01:58.366Z [info]: A user connected: li7N03lsG4_pLT7nAAAx
2024-10-01T15:01:59.076Z [info]: User disconnected: uOVtBN3wcZAdWDnVAAAv
2024-10-01T15:01:59.319Z [info]: A user connected: RgjV5wNMGgurSGjbAAAz
2024-10-01T15:02:01.686Z [info]: User disconnected: li7N03lsG4_pLT7nAAAx
2024-10-01T15:02:07.427Z [info]: User disconnected: RgjV5wNMGgurSGjbAAAz
2024-10-01T15:06:11.883Z [info]: A user connected: 0o6wb9PNoTnio7rrAAA1
2024-10-01T15:06:22.591Z [info]: Arman joined room 123
2024-10-01T15:06:32.992Z [info]: A user connected: xljE5UHhGO79HSYqAAA3
2024-10-01T15:06:43.871Z [info]: Ayan Hasnain joined room 123
2024-10-01T15:06:43.880Z [info]: Offer received from Arman in room 123
2024-10-01T15:06:43.887Z [info]: ICE candidate received from Arman in room 123
2024-10-01T15:06:43.889Z [info]: ICE candidate received from Arman in room 123
2024-10-01T15:06:43.891Z [info]: ICE candidate received from Arman in room 123
2024-10-01T15:06:43.893Z [info]: ICE candidate received from Arman in room 123
2024-10-01T15:06:43.894Z [info]: ICE candidate received from Arman in room 123
2024-10-01T15:06:43.895Z [info]: ICE candidate received from Arman in room 123
2024-10-01T15:06:43.897Z [info]: ICE candidate received from Arman in room 123
2024-10-01T15:06:43.900Z [info]: ICE candidate received from Arman in room 123
2024-10-01T15:06:43.950Z [info]: Answer received from Ayan Hasnain in room 123
2024-10-01T15:06:43.959Z [info]: ICE candidate received from Ayan Hasnain in room 123
2024-10-01T15:06:43.964Z [info]: ICE candidate received from Ayan Hasnain in room 123
2024-10-01T15:06:43.967Z [info]: ICE candidate received from Ayan Hasnain in room 123
2024-10-01T15:06:43.968Z [info]: ICE candidate received from Ayan Hasnain in room 123
2024-10-01T15:07:07.531Z [info]: User disconnected: xljE5UHhGO79HSYqAAA3
2024-10-01T15:07:10.346Z [info]: User disconnected: 0o6wb9PNoTnio7rrAAA1
2024-10-01T15:09:05.292Z [info]: A user connected: PXILFlOA9DEjF_v_AAA5
2024-10-01T15:09:10.358Z [info]: User disconnected: PXILFlOA9DEjF_v_AAA5
2024-10-01T15:09:10.510Z [info]: A user connected: gFhMZQMkXLe7OkkYAAA7
2024-10-01T15:09:17.758Z [info]: Arman joined room 1
2024-10-01T15:09:21.713Z [info]: A user connected: Vq-RYg7SBEwcm2evAAA9
2024-10-01T15:09:27.113Z [info]: Ayan hackers joined room 1
2024-10-01T15:09:27.124Z [info]: Offer received from Arman in room 1
2024-10-01T15:09:27.135Z [info]: ICE candidate received from Arman in room 1
2024-10-01T15:09:27.137Z [info]: ICE candidate received from Arman in room 1
2024-10-01T15:09:27.139Z [info]: ICE candidate received from Arman in room 1
2024-10-01T15:09:27.142Z [info]: ICE candidate received from Arman in room 1
2024-10-01T15:09:27.146Z [info]: ICE candidate received from Arman in room 1
2024-10-01T15:09:27.147Z [info]: ICE candidate received from Arman in room 1
2024-10-01T15:09:27.149Z [info]: ICE candidate received from Arman in room 1
2024-10-01T15:09:27.152Z [info]: ICE candidate received from Arman in room 1
2024-10-01T15:09:27.173Z [info]: Answer received from Ayan hackers in room 1
2024-10-01T15:09:27.178Z [info]: ICE candidate received from Ayan hackers in room 1
2024-10-01T15:09:27.179Z [info]: ICE candidate received from Ayan hackers in room 1
2024-10-01T15:09:27.180Z [info]: ICE candidate received from Ayan hackers in room 1
2024-10-01T15:09:27.181Z [info]: ICE candidate received from Ayan hackers in room 1
2024-10-01T15:09:30.653Z [info]: User disconnected: gFhMZQMkXLe7OkkYAAA7
2024-10-01T15:09:30.819Z [info]: A user connected: 6vC2pWBvjJEPOySjAAA_
2024-10-01T15:09:31.363Z [info]: User disconnected: Vq-RYg7SBEwcm2evAAA9
2024-10-01T15:09:31.530Z [info]: A user connected: Fkc_fA0o9zJ6DxCRAABB
2024-10-01T15:09:40.336Z [info]: Anisha Khatun joined room 1
2024-10-01T15:09:45.856Z [info]: werweerwer joined room 1
2024-10-01T15:09:45.867Z [info]: Offer received from Anisha Khatun in room 1
2024-10-01T15:09:45.877Z [info]: ICE candidate received from Anisha Khatun in room 1
2024-10-01T15:09:45.878Z [info]: ICE candidate received from Anisha Khatun in room 1
2024-10-01T15:09:45.879Z [info]: ICE candidate received from Anisha Khatun in room 1
2024-10-01T15:09:45.880Z [info]: ICE candidate received from Anisha Khatun in room 1
2024-10-01T15:09:45.881Z [info]: ICE candidate received from Anisha Khatun in room 1
2024-10-01T15:09:45.882Z [info]: ICE candidate received from Anisha Khatun in room 1
2024-10-01T15:09:45.886Z [info]: ICE candidate received from Anisha Khatun in room 1
2024-10-01T15:09:45.887Z [info]: ICE candidate received from Anisha Khatun in room 1
2024-10-01T15:09:45.905Z [info]: Answer received from werweerwer in room 1
2024-10-01T15:09:45.917Z [info]: ICE candidate received from werweerwer in room 1
2024-10-01T15:09:45.919Z [info]: ICE candidate received from werweerwer in room 1
2024-10-01T15:09:45.919Z [info]: ICE candidate received from werweerwer in room 1
2024-10-01T15:09:45.920Z [info]: ICE candidate received from werweerwer in room 1
2024-10-01T15:09:49.198Z [info]: User disconnected: 6vC2pWBvjJEPOySjAAA_
2024-10-01T15:09:49.381Z [info]: A user connected: l36o8hgO_805VJYOAABD
2024-10-01T15:09:50.312Z [info]: User disconnected: Fkc_fA0o9zJ6DxCRAABB
2024-10-01T15:09:50.475Z [info]: A user connected: 4ktWzzwyEVsLkjj_AABF
2024-10-01T15:10:58.351Z [info]: User disconnected: l36o8hgO_805VJYOAABD
2024-10-01T15:10:59.059Z [info]: User disconnected: 4ktWzzwyEVsLkjj_AABF
2024-10-01T15:12:00.614Z [info]: A user connected: sM7oLugWRnREzZ9vAABH
2024-10-01T15:12:08.160Z [info]: Ayan Hasnain joined room 12
2024-10-01T15:12:11.608Z [info]: A user connected: zhOfQIJbpR9ATuhSAABJ
2024-10-01T15:12:16.568Z [info]: Ayan hackers joined room 12
2024-10-01T15:12:16.579Z [info]: Offer received from Ayan Hasnain in room 12
2024-10-01T15:12:16.586Z [info]: ICE candidate received from Ayan Hasnain in room 12
2024-10-01T15:12:16.589Z [info]: ICE candidate received from Ayan Hasnain in room 12
2024-10-01T15:12:16.592Z [info]: ICE candidate received from Ayan Hasnain in room 12
2024-10-01T15:12:16.595Z [info]: ICE candidate received from Ayan Hasnain in room 12
2024-10-01T15:12:16.597Z [info]: ICE candidate received from Ayan Hasnain in room 12
2024-10-01T15:12:16.598Z [info]: ICE candidate received from Ayan Hasnain in room 12
2024-10-01T15:12:16.599Z [info]: ICE candidate received from Ayan Hasnain in room 12
2024-10-01T15:12:16.600Z [info]: ICE candidate received from Ayan Hasnain in room 12
2024-10-01T15:12:16.704Z [info]: ICE candidate received from Ayan Hasnain in room 12
2024-10-01T15:12:16.706Z [info]: ICE candidate received from Ayan Hasnain in room 12
2024-10-01T15:12:16.707Z [info]: ICE candidate received from Ayan Hasnain in room 12
2024-10-01T15:12:16.708Z [info]: ICE candidate received from Ayan Hasnain in room 12
2024-10-01T15:12:16.710Z [info]: ICE candidate received from Ayan Hasnain in room 12
2024-10-01T15:12:16.711Z [info]: ICE candidate received from Ayan Hasnain in room 12
2024-10-01T15:12:16.712Z [info]: ICE candidate received from Ayan Hasnain in room 12
2024-10-01T15:12:16.713Z [info]: ICE candidate received from Ayan Hasnain in room 12
2024-10-01T15:12:16.764Z [info]: Answer received from Ayan hackers in room 12
2024-10-01T15:12:16.784Z [info]: ICE candidate received from Ayan hackers in room 12
2024-10-01T15:12:16.787Z [info]: ICE candidate received from Ayan hackers in room 12
2024-10-01T15:12:16.788Z [info]: ICE candidate received from Ayan hackers in room 12
2024-10-01T15:12:16.789Z [info]: ICE candidate received from Ayan hackers in room 12
2024-10-01T15:13:11.504Z [info]: Message from Ayan Hasnain in room 12: Ayan Hasnain: my name is ayan
2024-10-01T15:13:39.453Z [info]: A user connected: oc-EYtpP5hihMi2KAABL
2024-10-01T15:13:46.465Z [info]: adsadas joined room 12
2024-10-01T15:13:46.501Z [info]: Offer received from Ayan Hasnain in room 12
2024-10-01T15:13:46.521Z [info]: Offer received from Ayan hackers in room 12
2024-10-01T15:13:46.534Z [info]: Answer received from Ayan hackers in room 12
2024-10-01T15:13:46.590Z [info]: Answer received from Ayan Hasnain in room 12
2024-10-01T15:13:53.776Z [info]: User disconnected: zhOfQIJbpR9ATuhSAABJ
2024-10-01T15:13:53.946Z [info]: A user connected: sPPBRU3NQj6aFyWlAABN
2024-10-01T15:13:57.745Z [info]: Ayan hackers joined room 12
2024-10-01T15:13:57.768Z [info]: Offer received from Ayan Hasnain in room 12
2024-10-01T15:13:57.845Z [info]: Answer received from Ayan hackers in room 12
2024-10-01T15:13:57.852Z [info]: ICE candidate received from Ayan hackers in room 12
2024-10-01T15:13:57.862Z [info]: ICE candidate received from Ayan hackers in room 12
2024-10-01T15:13:57.866Z [info]: ICE candidate received from Ayan hackers in room 12
2024-10-01T15:13:57.873Z [info]: ICE candidate received from Ayan hackers in room 12
2024-10-01T15:14:01.452Z [info]: User disconnected: sPPBRU3NQj6aFyWlAABN
2024-10-01T15:14:02.544Z [info]: User disconnected: sM7oLugWRnREzZ9vAABH
2024-10-01T15:14:02.763Z [info]: A user connected: 4emPJN5AtfTYXJs4AABP
2024-10-01T15:14:07.744Z [info]: Ayan Hasnain joined room 12
2024-10-01T15:14:11.400Z [info]: adsadas joined room 12
2024-10-01T15:14:11.409Z [info]: Offer received from Ayan Hasnain in room 12
2024-10-01T15:14:11.412Z [info]: ICE candidate received from Ayan Hasnain in room 12
2024-10-01T15:14:11.413Z [info]: ICE candidate received from Ayan Hasnain in room 12
2024-10-01T15:14:11.417Z [info]: ICE candidate received from Ayan Hasnain in room 12
2024-10-01T15:14:11.418Z [info]: ICE candidate received from Ayan Hasnain in room 12
2024-10-01T15:14:11.419Z [info]: ICE candidate received from Ayan Hasnain in room 12
2024-10-01T15:14:11.422Z [info]: ICE candidate received from Ayan Hasnain in room 12
2024-10-01T15:14:11.423Z [info]: ICE candidate received from Ayan Hasnain in room 12
2024-10-01T15:14:11.424Z [info]: ICE candidate received from Ayan Hasnain in room 12
2024-10-01T15:14:11.470Z [info]: ICE candidate received from Ayan Hasnain in room 12
2024-10-01T15:14:11.473Z [info]: ICE candidate received from Ayan Hasnain in room 12
2024-10-01T15:14:11.539Z [info]: ICE candidate received from Ayan Hasnain in room 12
2024-10-01T15:14:11.541Z [info]: ICE candidate received from Ayan Hasnain in room 12
2024-10-01T15:14:11.542Z [info]: ICE candidate received from Ayan Hasnain in room 12
2024-10-01T15:14:11.544Z [info]: ICE candidate received from Ayan Hasnain in room 12
2024-10-01T15:14:11.545Z [info]: ICE candidate received from Ayan Hasnain in room 12
2024-10-01T15:14:11.546Z [info]: ICE candidate received from Ayan Hasnain in room 12
2024-10-01T15:14:11.547Z [info]: ICE candidate received from Ayan Hasnain in room 12
2024-10-01T15:14:11.548Z [info]: ICE candidate received from Ayan Hasnain in room 12
2024-10-01T15:14:12.529Z [info]: adsadas joined room 12
2024-10-01T15:14:12.535Z [info]: Offer received from Ayan Hasnain in room 12
2024-10-01T15:14:13.607Z [info]: User disconnected: oc-EYtpP5hihMi2KAABL
2024-10-01T15:14:13.755Z [info]: A user connected: lzMah0up5kmFIVVaAABR
2024-10-01T15:14:17.273Z [info]: edqweqwe joined room 12
2024-10-01T15:14:17.281Z [info]: Offer received from Ayan Hasnain in room 12
2024-10-01T15:14:22.590Z [info]: User disconnected: lzMah0up5kmFIVVaAABR
2024-10-01T15:14:24.445Z [info]: User disconnected: 4emPJN5AtfTYXJs4AABP
2024-10-01T15:14:24.623Z [info]: A user connected: VtBooObrjaMio5Q4AABT
2024-10-01T15:14:37.600Z [info]: A user connected: uPCrtL56ZuFjZEhmAABV
2024-10-01T15:14:43.361Z [info]: User disconnected: uPCrtL56ZuFjZEhmAABV
2024-10-01T15:14:43.451Z [info]: A user connected: jXxM8cP7YA4J8XsSAABX
2024-10-01T15:14:44.402Z [info]: User disconnected: jXxM8cP7YA4J8XsSAABX
2024-10-01T15:14:44.489Z [info]: A user connected: WxCbkbiuy7EkS-s8AABZ
2024-10-01T15:14:50.129Z [info]: erwerewr joined room 32423
2024-10-01T15:14:55.509Z [info]: User disconnected: WxCbkbiuy7EkS-s8AABZ
2024-10-01T15:14:56.799Z [info]: User disconnected: VtBooObrjaMio5Q4AABT
2024-10-01T15:15:00.582Z [info]: A user connected: sJWsG7etembEcNTRAABb
2024-10-01T15:15:01.516Z [info]: User disconnected: sJWsG7etembEcNTRAABb
2024-10-01T15:15:01.657Z [info]: A user connected: 00dzRheIhjiK3AkKAABd
2024-10-01T15:15:05.432Z [info]: asdasdasd joined room 12
2024-10-01T15:15:09.598Z [info]: A user connected: RB5s9Zwut0uJN_KOAABf
2024-10-01T15:15:19.001Z [info]: Ayan Hasnain joined room 12
2024-10-01T15:15:19.017Z [info]: Offer received from asdasdasd in room 12
2024-10-01T15:15:19.029Z [info]: ICE candidate received from asdasdasd in room 12
2024-10-01T15:15:19.031Z [info]: ICE candidate received from asdasdasd in room 12
2024-10-01T15:15:19.032Z [info]: ICE candidate received from asdasdasd in room 12
2024-10-01T15:15:19.034Z [info]: ICE candidate received from asdasdasd in room 12
2024-10-01T15:15:19.035Z [info]: ICE candidate received from asdasdasd in room 12
2024-10-01T15:15:19.036Z [info]: ICE candidate received from asdasdasd in room 12
2024-10-01T15:15:19.038Z [info]: ICE candidate received from asdasdasd in room 12
2024-10-01T15:15:19.040Z [info]: ICE candidate received from asdasdasd in room 12
2024-10-01T15:15:19.138Z [info]: ICE candidate received from asdasdasd in room 12
2024-10-01T15:15:19.144Z [info]: ICE candidate received from asdasdasd in room 12
2024-10-01T15:15:19.145Z [info]: ICE candidate received from asdasdasd in room 12
2024-10-01T15:15:19.146Z [info]: ICE candidate received from asdasdasd in room 12
2024-10-01T15:15:19.147Z [info]: ICE candidate received from asdasdasd in room 12
2024-10-01T15:15:19.149Z [info]: ICE candidate received from asdasdasd in room 12
2024-10-01T15:15:19.150Z [info]: ICE candidate received from asdasdasd in room 12
2024-10-01T15:15:19.151Z [info]: ICE candidate received from asdasdasd in room 12
2024-10-01T15:15:19.151Z [info]: ICE candidate received from asdasdasd in room 12
2024-10-01T15:15:19.152Z [info]: ICE candidate received from asdasdasd in room 12
2024-10-01T15:15:25.858Z [info]: User disconnected: RB5s9Zwut0uJN_KOAABf
2024-10-01T15:15:25.991Z [info]: A user connected: fuB3_3ahIzwDdy9eAABh
2024-10-01T15:15:30.868Z [info]: User disconnected: 00dzRheIhjiK3AkKAABd
2024-10-01T15:15:47.142Z [info]: User disconnected: fuB3_3ahIzwDdy9eAABh
2024-10-01T15:15:47.176Z [info]: A user connected: kiSCXhl6FswSMsggAABj
2024-10-01T15:15:48.186Z [info]: User disconnected: kiSCXhl6FswSMsggAABj
2024-10-01T15:15:48.316Z [info]: A user connected: TWDqMs-FYie_SXX-AABl
2024-10-01T15:15:57.321Z [info]: Ayan Hasnain joined room 1
2024-10-01T15:16:00.488Z [info]: A user connected: t7XV9Th4zcBU9tgIAABn
2024-10-01T15:16:08.145Z [info]: arman joined room 1
2024-10-01T15:16:08.158Z [info]: Offer received from Ayan Hasnain in room 1
2024-10-01T15:16:08.165Z [info]: ICE candidate received from Ayan Hasnain in room 1
2024-10-01T15:16:08.167Z [info]: ICE candidate received from Ayan Hasnain in room 1
2024-10-01T15:16:08.168Z [info]: ICE candidate received from Ayan Hasnain in room 1
2024-10-01T15:16:08.168Z [info]: ICE candidate received from Ayan Hasnain in room 1
2024-10-01T15:16:08.170Z [info]: ICE candidate received from Ayan Hasnain in room 1
2024-10-01T15:16:08.171Z [info]: ICE candidate received from Ayan Hasnain in room 1
2024-10-01T15:16:08.173Z [info]: ICE candidate received from Ayan Hasnain in room 1
2024-10-01T15:16:08.176Z [info]: ICE candidate received from Ayan Hasnain in room 1
2024-10-01T15:16:08.241Z [info]: Answer received from arman in room 1
2024-10-01T15:16:08.249Z [info]: ICE candidate received from arman in room 1
2024-10-01T15:16:08.259Z [info]: ICE candidate received from arman in room 1
2024-10-01T15:16:08.262Z [info]: ICE candidate received from arman in room 1
2024-10-01T15:16:08.266Z [info]: ICE candidate received from arman in room 1
2024-10-01T15:16:24.928Z [info]: Ayan Hasnain joined room 1
2024-10-01T15:16:24.946Z [info]: Offer received from arman in room 1
2024-10-01T15:16:25.025Z [info]: Answer received from Ayan Hasnain in room 1
2024-10-01T15:16:25.026Z [info]: Answer received from Ayan Hasnain in room 1
2024-10-01T15:16:25.033Z [info]: ICE candidate received from Ayan Hasnain in room 1
2024-10-01T15:16:25.034Z [info]: ICE candidate received from Ayan Hasnain in room 1
2024-10-01T15:16:25.034Z [info]: ICE candidate received from Ayan Hasnain in room 1
2024-10-01T15:16:25.035Z [info]: ICE candidate received from Ayan Hasnain in room 1
2024-10-01T15:16:25.036Z [info]: ICE candidate received from Ayan Hasnain in room 1
2024-10-01T15:16:25.037Z [info]: ICE candidate received from Ayan Hasnain in room 1
2024-10-01T15:16:25.038Z [info]: ICE candidate received from Ayan Hasnain in room 1
2024-10-01T15:16:25.039Z [info]: ICE candidate received from Ayan Hasnain in room 1
2024-10-01T15:16:27.818Z [info]: User disconnected: t7XV9Th4zcBU9tgIAABn
2024-10-01T15:16:28.082Z [info]: A user connected: 3Wwexa0bUgXffYTYAABp
2024-10-01T15:16:28.920Z [info]: User disconnected: TWDqMs-FYie_SXX-AABl
2024-10-01T15:16:29.133Z [info]: A user connected: iS9LhXnwm8868_LgAABr
2024-10-01T15:17:38.566Z [info]: User disconnected: iS9LhXnwm8868_LgAABr
2024-10-01T15:17:38.970Z [info]: User disconnected: 3Wwexa0bUgXffYTYAABp
2024-10-01T15:18:40.148Z [info]: Server is running on port 5000
2024-10-01T15:19:29.020Z [info]: A user connected: Or0ef-1I8ebJ4mjmAAAB
2024-10-01T15:19:33.162Z [info]: Ayan Hasnain joined room 23
2024-10-01T15:19:37.179Z [info]: A user connected: rvxS1Q8e2fjtyBndAAAD
2024-10-01T15:19:42.585Z [info]: asdasd joined room 23
2024-10-01T15:19:42.598Z [info]: Offer received from Ayan Hasnain in room 23
2024-10-01T15:19:42.602Z [info]: ICE candidate received from Ayan Hasnain in room 23
2024-10-01T15:19:42.604Z [info]: ICE candidate received from Ayan Hasnain in room 23
2024-10-01T15:19:42.607Z [info]: ICE candidate received from Ayan Hasnain in room 23
2024-10-01T15:19:42.608Z [info]: ICE candidate received from Ayan Hasnain in room 23
2024-10-01T15:19:42.611Z [info]: ICE candidate received from Ayan Hasnain in room 23
2024-10-01T15:19:42.613Z [info]: ICE candidate received from Ayan Hasnain in room 23
2024-10-01T15:19:42.614Z [info]: ICE candidate received from Ayan Hasnain in room 23
2024-10-01T15:19:42.615Z [info]: ICE candidate received from Ayan Hasnain in room 23
2024-10-01T15:19:42.651Z [info]: ICE candidate received from Ayan Hasnain in room 23
2024-10-01T15:19:42.658Z [info]: ICE candidate received from Ayan Hasnain in room 23
2024-10-01T15:19:42.660Z [info]: Answer received from asdasd in room 23
2024-10-01T15:19:42.666Z [info]: ICE candidate received from asdasd in room 23
2024-10-01T15:19:42.667Z [info]: ICE candidate received from asdasd in room 23
2024-10-01T15:19:42.671Z [info]: ICE candidate received from asdasd in room 23
2024-10-01T15:19:42.676Z [info]: ICE candidate received from asdasd in room 23
2024-10-01T15:19:54.627Z [info]: Screen share initiated in room 23
2024-10-01T15:20:17.908Z [info]: User disconnected: rvxS1Q8e2fjtyBndAAAD
2024-10-01T15:20:18.175Z [info]: A user connected: N-PfnSW3OxW80KPaAAAF
2024-10-01T15:20:18.520Z [info]: User disconnected: Or0ef-1I8ebJ4mjmAAAB
2024-10-01T15:20:18.722Z [info]: A user connected: InSNfKkvJVH3MkiHAAAH
2024-10-01T15:20:19.473Z [info]: User disconnected: InSNfKkvJVH3MkiHAAAH
2024-10-01T15:20:19.702Z [info]: User disconnected: N-PfnSW3OxW80KPaAAAF
2024-10-01T15:29:25.443Z [info]: A user connected: P8lNPbcbB9M7XPwfAAAJ
2024-10-01T15:29:26.670Z [info]: User disconnected: P8lNPbcbB9M7XPwfAAAJ
2024-10-01T15:29:26.785Z [info]: A user connected: OiMhI5JRR4yKfFDVAAAL
2024-10-01T15:29:30.781Z [info]: Ayan Hasnain joined room 2
2024-10-01T15:29:34.449Z [info]: A user connected: Xxt9ElZQUA4LUbI2AAAN
2024-10-01T15:29:38.734Z [info]: Ayan hackers joined room 2
2024-10-01T15:29:38.751Z [info]: Offer received from Ayan Hasnain in room 2
2024-10-01T15:29:38.755Z [info]: ICE candidate received from Ayan Hasnain in room 2
2024-10-01T15:29:38.756Z [info]: ICE candidate received from Ayan Hasnain in room 2
2024-10-01T15:29:38.760Z [info]: ICE candidate received from Ayan Hasnain in room 2
2024-10-01T15:29:38.761Z [info]: ICE candidate received from Ayan Hasnain in room 2
2024-10-01T15:29:38.763Z [info]: ICE candidate received from Ayan Hasnain in room 2
2024-10-01T15:29:38.764Z [info]: ICE candidate received from Ayan Hasnain in room 2
2024-10-01T15:29:38.765Z [info]: ICE candidate received from Ayan Hasnain in room 2
2024-10-01T15:29:38.766Z [info]: ICE candidate received from Ayan Hasnain in room 2
2024-10-01T15:29:38.808Z [info]: Answer received from Ayan hackers in room 2
2024-10-01T15:29:38.812Z [info]: ICE candidate received from Ayan hackers in room 2
2024-10-01T15:29:38.814Z [info]: ICE candidate received from Ayan hackers in room 2
2024-10-01T15:29:38.816Z [info]: ICE candidate received from Ayan hackers in room 2
2024-10-01T15:29:38.817Z [info]: ICE candidate received from Ayan hackers in room 2
2024-10-01T15:29:42.946Z [info]: Screen share initiated in room 2
2024-10-01T15:30:57.461Z [info]: User disconnected: Xxt9ElZQUA4LUbI2AAAN
2024-10-01T15:30:57.981Z [info]: User disconnected: OiMhI5JRR4yKfFDVAAAL
2024-10-01T15:38:12.339Z [info]: Server is running on port 5000
2024-10-01T15:39:09.983Z [info]: A user connected: luRN_w4roa4PRQLFAAAB
2024-10-01T15:39:10.083Z [info]: User disconnected: luRN_w4roa4PRQLFAAAB
2024-10-01T15:39:10.163Z [info]: A user connected: Fcy8wEviQlKfWKz0AAAD
2024-10-01T15:39:10.334Z [info]: User disconnected: Fcy8wEviQlKfWKz0AAAD
2024-10-01T15:39:10.430Z [info]: A user connected: FcdAw7QlCus07URYAAAF
2024-10-01T15:39:17.993Z [info]: User joined from 342342 in room 23
2024-10-01T15:39:21.064Z [info]: A user connected: NDXsW4fbBJpPGegpAAAH
2024-10-01T15:39:32.441Z [info]: User joined from wrwer in room 23
2024-10-01T15:39:33.357Z [info]: User disconnected: FcdAw7QlCus07URYAAAF
2024-10-01T15:40:05.889Z [info]: Server is running on port 5000
2024-10-01T15:40:06.047Z [info]: A user connected: gOO3XX3Kvp6cnkplAAAB
2024-10-01T15:40:09.045Z [info]: User disconnected: gOO3XX3Kvp6cnkplAAAB
2024-10-01T15:40:09.217Z [info]: A user connected: uH2rQ72u472dtpEhAAAD
2024-10-01T15:40:14.321Z [info]: Ayan Hasnain joined room 12
2024-10-01T15:40:18.857Z [info]: A user connected: jwMzjJdApqqMwxpKAAAF
2024-10-01T15:40:26.048Z [info]: Ayan hackers joined room 12
2024-10-01T15:40:26.064Z [info]: Offer received from Ayan Hasnain in room 12
2024-10-01T15:40:26.076Z [info]: ICE candidate received from Ayan Hasnain in room 12
2024-10-01T15:40:26.083Z [info]: ICE candidate received from Ayan Hasnain in room 12
2024-10-01T15:40:26.086Z [info]: ICE candidate received from Ayan Hasnain in room 12
2024-10-01T15:40:26.087Z [info]: ICE candidate received from Ayan Hasnain in room 12
2024-10-01T15:40:26.091Z [info]: ICE candidate received from Ayan Hasnain in room 12
2024-10-01T15:40:26.092Z [info]: ICE candidate received from Ayan Hasnain in room 12
2024-10-01T15:40:26.097Z [info]: ICE candidate received from Ayan Hasnain in room 12
2024-10-01T15:40:26.100Z [info]: ICE candidate received from Ayan Hasnain in room 12
2024-10-01T15:40:26.167Z [info]: Answer received from Ayan hackers in room 12
2024-10-01T15:40:26.174Z [info]: ICE candidate received from Ayan hackers in room 12
2024-10-01T15:40:26.185Z [info]: ICE candidate received from Ayan hackers in room 12
2024-10-01T15:40:26.187Z [info]: ICE candidate received from Ayan hackers in room 12
2024-10-01T15:40:26.188Z [info]: ICE candidate received from Ayan hackers in room 12
2024-10-01T15:40:26.205Z [info]: ICE candidate received from Ayan Hasnain in room 12
2024-10-01T15:40:26.206Z [info]: ICE candidate received from Ayan Hasnain in room 12
2024-10-01T15:40:26.208Z [info]: ICE candidate received from Ayan Hasnain in room 12
2024-10-01T15:40:26.210Z [info]: ICE candidate received from Ayan Hasnain in room 12
2024-10-01T15:40:31.999Z [info]: User disconnected: jwMzjJdApqqMwxpKAAAF
2024-10-01T15:40:32.197Z [info]: A user connected: ZmJankfCtm3Ud59nAAAH
2024-10-01T15:40:38.213Z [info]: User disconnected: ZmJankfCtm3Ud59nAAAH
2024-10-01T15:40:38.769Z [info]: User disconnected: uH2rQ72u472dtpEhAAAD
